<?xml version="1.0" encoding="UTF-8"?>
<testsuite xmlns:xsi="http://www.w3.org/2001/XMLSchema-instance" xsi:noNamespaceSchemaLocation="https://maven.apache.org/surefire/maven-surefire-plugin/xsd/surefire-test-report.xsd" name="com.skidata.AppTest" time="0.049" tests="1" errors="0" skipped="0" failures="0">
  <properties>
    <property name="java.specification.version" value="21"/>
    <property name="sun.cpu.isalist" value="amd64"/>
    <property name="sun.jnu.encoding" value="Cp1252"/>
    <property name="java.class.path" value="D:\D drive\webappskidata\target\test-classes;D:\D drive\webappskidata\target\classes;C:\MyRepo\junit\junit\4.11\junit-4.11.jar;C:\MyRepo\org\hamcrest\hamcrest-core\1.3\hamcrest-core-1.3.jar;C:\MyRepo\com\mysql\mysql-connector-j\8.1.0\mysql-connector-j-8.1.0.jar;C:\MyRepo\com\google\protobuf\protobuf-java\3.21.9\protobuf-java-3.21.9.jar;C:\MyRepo\com\google\guava\guava\32.1.3-jre\guava-32.1.3-jre.jar;C:\MyRepo\com\google\guava\failureaccess\1.0.1\failureaccess-1.0.1.jar;C:\MyRepo\com\google\guava\listenablefuture\9999.0-empty-to-avoid-conflict-with-guava\listenablefuture-9999.0-empty-to-avoid-conflict-with-guava.jar;C:\MyRepo\com\google\code\findbugs\jsr305\3.0.2\jsr305-3.0.2.jar;C:\MyRepo\org\checkerframework\checker-qual\3.37.0\checker-qual-3.37.0.jar;C:\MyRepo\com\google\errorprone\error_prone_annotations\2.21.1\error_prone_annotations-2.21.1.jar;C:\MyRepo\com\google\j2objc\j2objc-annotations\2.8\j2objc-annotations-2.8.jar;"/>
    <property name="java.vm.vendor" value="Oracle Corporation"/>
    <property name="sun.arch.data.model" value="64"/>
    <property name="user.variant" value=""/>
    <property name="java.vendor.url" value="https://java.oracle.com/"/>
    <property name="user.timezone" value="Asia/Calcutta"/>
    <property name="os.name" value="Windows 10"/>
    <property name="java.vm.specification.version" value="21"/>
    <property name="sun.java.launcher" value="SUN_STANDARD"/>
    <property name="user.country" value="US"/>
    <property name="sun.boot.library.path" value="C:\Program Files\Java\jdk-21\bin"/>
    <property name="sun.java.command" value="C:\Users\mavh\AppData\Local\Temp\surefire2733862013772412859\surefirebooter14636283953530334844.jar C:\Users\mavh\AppData\Local\Temp\surefire2733862013772412859 2023-10-25T14-49-24_329-jvmRun1 surefire6793501951798648478tmp surefire_013198107097678738017tmp"/>
    <property name="jdk.debug" value="release"/>
    <property name="surefire.test.class.path" value="D:\D drive\webappskidata\target\test-classes;D:\D drive\webappskidata\target\classes;C:\MyRepo\junit\junit\4.11\junit-4.11.jar;C:\MyRepo\org\hamcrest\hamcrest-core\1.3\hamcrest-core-1.3.jar;C:\MyRepo\com\mysql\mysql-connector-j\8.1.0\mysql-connector-j-8.1.0.jar;C:\MyRepo\com\google\protobuf\protobuf-java\3.21.9\protobuf-java-3.21.9.jar;C:\MyRepo\com\google\guava\guava\32.1.3-jre\guava-32.1.3-jre.jar;C:\MyRepo\com\google\guava\failureaccess\1.0.1\failureaccess-1.0.1.jar;C:\MyRepo\com\google\guava\listenablefuture\9999.0-empty-to-avoid-conflict-with-guava\listenablefuture-9999.0-empty-to-avoid-conflict-with-guava.jar;C:\MyRepo\com\google\code\findbugs\jsr305\3.0.2\jsr305-3.0.2.jar;C:\MyRepo\org\checkerframework\checker-qual\3.37.0\checker-qual-3.37.0.jar;C:\MyRepo\com\google\errorprone\error_prone_annotations\2.21.1\error_prone_annotations-2.21.1.jar;C:\MyRepo\com\google\j2objc\j2objc-annotations\2.8\j2objc-annotations-2.8.jar;"/>
    <property name="sun.cpu.endian" value="little"/>
    <property name="user.home" value="C:\Users\mavh"/>
    <property name="user.language" value="en"/>
    <property name="java.specification.vendor" value="Oracle Corporation"/>
    <property name="java.version.date" value="2023-09-19"/>
    <property name="java.home" value="C:\Program Files\Java\jdk-21"/>
    <property name="file.separator" value="\"/>
    <property name="basedir" value="D:\D drive\webappskidata"/>
    <property name="java.vm.compressedOopsMode" value="Zero based"/>
    <property name="line.separator" value="&#10;"/>
    <property name="java.vm.specification.vendor" value="Oracle Corporation"/>
    <property name="java.specification.name" value="Java Platform API Specification"/>
    <property name="surefire.real.class.path" value="C:\Users\mavh\AppData\Local\Temp\surefire2733862013772412859\surefirebooter14636283953530334844.jar"/>
    <property name="user.script" value=""/>
    <property name="sun.management.compiler" value="HotSpot 64-Bit Tiered Compilers"/>
    <property name="java.runtime.version" value="21+35-LTS-2513"/>
    <property name="user.name" value="mavh"/>
    <property name="stdout.encoding" value="Cp1252"/>
    <property name="path.separator" value=";"/>
    <property name="os.version" value="10.0"/>
    <property name="java.runtime.name" value="Java(TM) SE Runtime Environment"/>
    <property name="file.encoding" value="UTF-8"/>
    <property name="java.vm.name" value="Java HotSpot(TM) 64-Bit Server VM"/>
    <property name="localRepository" value="C:\MyRepo"/>
    <property name="java.vendor.url.bug" value="https://bugreport.java.com/bugreport/"/>
    <property name="java.io.tmpdir" value="C:\Users\mavh\AppData\Local\Temp\"/>
    <property name="java.version" value="21"/>
    <property name="user.dir" value="D:\D drive\webappskidata"/>
    <property name="os.arch" value="amd64"/>
    <property name="java.vm.specification.name" value="Java Virtual Machine Specification"/>
    <property name="sun.os.patch.level" value=""/>
    <property name="native.encoding" value="Cp1252"/>
    <property name="java.library.path" value="C:\Program Files\Java\jdk-21\bin;C:\WINDOWS\Sun\Java\bin;C:\WINDOWS\system32;C:\WINDOWS;C:\Program Files\Common Files\Oracle\Java\javapath;C:\Python311\Scripts\;C:\Python311\;C:\Python310\Scripts\;C:\Python310\;C:\Python27\;C:\Python27\Scripts;C:\WINDOWS\system32;C:\WINDOWS;C:\WINDOWS\System32\Wbem;C:\WINDOWS\System32\WindowsPowerShell\v1.0\;C:\WINDOWS\System32\OpenSSH\;C:\Program Files\Java\jdk1.8.0_231\bin;C:\Program Files\Microsoft SQL Server\Client SDK\ODBC\110\Tools\Binn\;C:\Program Files (x86)\Microsoft SQL Server\120\Tools\Binn\ManagementStudio\;C:\Program Files (x86)\Microsoft SQL Server\120\Tools\Binn\;C:\Program Files\Microsoft SQL Server\120\Tools\Binn\;C:\Program Files (x86)\Microsoft SQL Server\120\DTS\Binn\;C:\Program Files\Microsoft SQL Server\120\DTS\Binn\;C:\ProgramData\chocolatey\bin;C:\apache-maven-3.6.3\bin;C:\Program Files (x86)\Intel\Intel(R) Management Engine Components\DAL;C:\Program Files\Intel\Intel(R) Management Engine Components\DAL;C:\Users\mavh\AppData\Local\Android\Sdk\tools\bin;C:\Users\mavh\AppData\Local\Android\Sdk\tools;C:\Users\mavh\AppData\Local\Android\Sdk\platform-tools;C:\Program Files\Docker\Docker\resources\bin;C:\Program Files\nodejs;C:\Program Files\nodejs\;C:\Program Files\Java\jdk-21\bin;C:\Program Files\PuTTY\;C:\Program Files\Git\cmd;C:\Program Files\Java\jdk-21;C:\Program Files\apache-maven-3.9.5\bin;C:\Program Files\apache-maven-3.9.5\bin;C:\Program Files\MySQL\MySQL Shell 8.0\bin\;C:\Users\mavh\AppData\Local\Microsoft\WindowsApps;C:\Users\mavh\AppData\Local\Programs\Microsoft VS Code\bin;C:\Users\mavh\AppData\Local\GitHubDesktop\bin;C:\Users\mavh\AppData\Local\Microsoft\WindowsApps;C:\Users\mavh\AppData\Roaming\npm;."/>
    <property name="java.vm.info" value="mixed mode, sharing"/>
    <property name="stderr.encoding" value="Cp1252"/>
    <property name="java.vendor" value="Oracle Corporation"/>
    <property name="java.vm.version" value="21+35-LTS-2513"/>
    <property name="sun.io.unicode.encoding" value="UnicodeLittle"/>
    <property name="java.class.version" value="65.0"/>
  </properties>
  <testcase name="shouldAnswerWithTrue" classname="com.skidata.AppTest" time="0.004"/>
</testsuite>